[2022-05-31 03:32:02] local.ERROR: SQLSTATE[42S22]: Column not found: 1054 Unknown column 'username' in 'field list' (SQL: insert into `tbluser` (`username`, `password`, `updated_at`, `created_at`) values (wr, wr, 2022-05-31 03:32:02, 2022-05-31 03:32:02)) {"exception":"[object] (Illuminate\\Database\\QueryException(code: 42S22): SQLSTATE[42S22]: Column not found: 1054 Unknown column 'username' in 'field list' (SQL: insert into `tbluser` (`username`, `password`, `updated_at`, `created_at`) values (wr, wr, 2022-05-31 03:32:02, 2022-05-31 03:32:02)) at C:\\Xampp\\php\\bacor_sia1\\vendor\\illuminate\\database\\Connection.php:742)
[stacktrace]
#0 C:\\Xampp\\php\\bacor_sia1\\vendor\\illuminate\\database\\Connection.php(702): Illuminate\\Database\\Connection->runQueryCallback('insert into `tb...', Array, Object(Closure))
#1 C:\\Xampp\\php\\bacor_sia1\\vendor\\illuminate\\database\\Connection.php(528): Illuminate\\Database\\Connection->run('insert into `tb...', Array, Object(Closure))
#2 C:\\Xampp\\php\\bacor_sia1\\vendor\\illuminate\\database\\Connection.php(480): Illuminate\\Database\\Connection->statement('insert into `tb...', Array)
#3 C:\\Xampp\\php\\bacor_sia1\\vendor\\illuminate\\database\\Query\\Processors\\Processor.php(32): Illuminate\\Database\\Connection->insert('insert into `tb...', Array)
#4 C:\\Xampp\\php\\bacor_sia1\\vendor\\illuminate\\database\\Query\\Builder.php(3246): Illuminate\\Database\\Query\\Processors\\Processor->processInsertGetId(Object(Illuminate\\Database\\Query\\Builder), 'insert into `tb...', Array, 'id')
#5 C:\\Xampp\\php\\bacor_sia1\\vendor\\illuminate\\database\\Eloquent\\Builder.php(1745): Illuminate\\Database\\Query\\Builder->insertGetId(Array, 'id')
#6 C:\\Xampp\\php\\bacor_sia1\\vendor\\illuminate\\database\\Eloquent\\Model.php(1220): Illuminate\\Database\\Eloquent\\Builder->__call('insertGetId', Array)
#7 C:\\Xampp\\php\\bacor_sia1\\vendor\\illuminate\\database\\Eloquent\\Model.php(1185): Illuminate\\Database\\Eloquent\\Model->insertAndSetId(Object(Illuminate\\Database\\Eloquent\\Builder), Array)
#8 C:\\Xampp\\php\\bacor_sia1\\vendor\\illuminate\\database\\Eloquent\\Model.php(1026): Illuminate\\Database\\Eloquent\\Model->performInsert(Object(Illuminate\\Database\\Eloquent\\Builder))
#9 C:\\Xampp\\php\\bacor_sia1\\vendor\\illuminate\\database\\Eloquent\\Builder.php(974): Illuminate\\Database\\Eloquent\\Model->save()
#10 C:\\Xampp\\php\\bacor_sia1\\vendor\\illuminate\\support\\helpers.php(302): Illuminate\\Database\\Eloquent\\Builder->Illuminate\\Database\\Eloquent\\{closure}(Object(App\\Models\\User))
#11 C:\\Xampp\\php\\bacor_sia1\\vendor\\illuminate\\database\\Eloquent\\Builder.php(975): tap(Object(App\\Models\\User), Object(Closure))
#12 C:\\Xampp\\php\\bacor_sia1\\vendor\\illuminate\\support\\Traits\\ForwardsCalls.php(23): Illuminate\\Database\\Eloquent\\Builder->create(Array)
#13 C:\\Xampp\\php\\bacor_sia1\\vendor\\illuminate\\database\\Eloquent\\Model.php(2163): Illuminate\\Database\\Eloquent\\Model->forwardCallTo(Object(Illuminate\\Database\\Eloquent\\Builder), 'create', Array)
#14 C:\\Xampp\\php\\bacor_sia1\\vendor\\illuminate\\database\\Eloquent\\Model.php(2175): Illuminate\\Database\\Eloquent\\Model->__call('create', Array)
#15 C:\\Xampp\\php\\bacor_sia1\\app\\Http\\Controllers\\UserController.php(38): Illuminate\\Database\\Eloquent\\Model::__callStatic('create', Array)
#16 C:\\Xampp\\php\\bacor_sia1\\vendor\\illuminate\\container\\BoundMethod.php(36): App\\Http\\Controllers\\UserController->add(Object(Laravel\\Lumen\\Http\\Request))
#17 C:\\Xampp\\php\\bacor_sia1\\vendor\\illuminate\\container\\Util.php(41): Illuminate\\Container\\BoundMethod::Illuminate\\Container\\{closure}()
#18 C:\\Xampp\\php\\bacor_sia1\\vendor\\illuminate\\container\\BoundMethod.php(93): Illuminate\\Container\\Util::unwrapIfClosure(Object(Closure))
#19 C:\\Xampp\\php\\bacor_sia1\\vendor\\illuminate\\container\\BoundMethod.php(37): Illuminate\\Container\\BoundMethod::callBoundMethod(Object(Laravel\\Lumen\\Application), Array, Object(Closure))
#20 C:\\Xampp\\php\\bacor_sia1\\vendor\\illuminate\\container\\Container.php(651): Illuminate\\Container\\BoundMethod::call(Object(Laravel\\Lumen\\Application), Array, Array, NULL)
#21 C:\\Xampp\\php\\bacor_sia1\\vendor\\laravel\\lumen-framework\\src\\Concerns\\RoutesRequests.php(389): Illuminate\\Container\\Container->call(Array, Array)
#22 C:\\Xampp\\php\\bacor_sia1\\vendor\\laravel\\lumen-framework\\src\\Concerns\\RoutesRequests.php(355): Laravel\\Lumen\\Application->callControllerCallable(Array, Array)
#23 C:\\Xampp\\php\\bacor_sia1\\vendor\\laravel\\lumen-framework\\src\\Concerns\\RoutesRequests.php(329): Laravel\\Lumen\\Application->callLumenController(Object(App\\Http\\Controllers\\UserController), 'add', Array)
#24 C:\\Xampp\\php\\bacor_sia1\\vendor\\laravel\\lumen-framework\\src\\Concerns\\RoutesRequests.php(282): Laravel\\Lumen\\Application->callControllerAction(Array)
#25 C:\\Xampp\\php\\bacor_sia1\\vendor\\laravel\\lumen-framework\\src\\Concerns\\RoutesRequests.php(267): Laravel\\Lumen\\Application->callActionOnArrayBasedRoute(Array)
#26 C:\\Xampp\\php\\bacor_sia1\\vendor\\laravel\\lumen-framework\\src\\Concerns\\RoutesRequests.php(169): Laravel\\Lumen\\Application->handleFoundRoute(Array)
#27 C:\\Xampp\\php\\bacor_sia1\\vendor\\laravel\\lumen-framework\\src\\Concerns\\RoutesRequests.php(429): Laravel\\Lumen\\Application->Laravel\\Lumen\\Concerns\\{closure}(Object(Laravel\\Lumen\\Http\\Request))
#28 C:\\Xampp\\php\\bacor_sia1\\vendor\\laravel\\lumen-framework\\src\\Concerns\\RoutesRequests.php(175): Laravel\\Lumen\\Application->sendThroughPipeline(Array, Object(Closure))
#29 C:\\Xampp\\php\\bacor_sia1\\vendor\\laravel\\lumen-framework\\src\\Concerns\\RoutesRequests.php(112): Laravel\\Lumen\\Application->dispatch(NULL)
#30 C:\\Xampp\\php\\bacor_sia1\\public\\index.php(28): Laravel\\Lumen\\Application->run()
#31 {main}

[previous exception] [object] (PDOException(code: 42S22): SQLSTATE[42S22]: Column not found: 1054 Unknown column 'username' in 'field list' at C:\\Xampp\\php\\bacor_sia1\\vendor\\illuminate\\database\\Connection.php:521)
[stacktrace]
#0 C:\\Xampp\\php\\bacor_sia1\\vendor\\illuminate\\database\\Connection.php(521): PDO->prepare('insert into `tb...')
#1 C:\\Xampp\\php\\bacor_sia1\\vendor\\illuminate\\database\\Connection.php(735): Illuminate\\Database\\Connection->Illuminate\\Database\\{closure}('insert into `tb...', Array)
#2 C:\\Xampp\\php\\bacor_sia1\\vendor\\illuminate\\database\\Connection.php(702): Illuminate\\Database\\Connection->runQueryCallback('insert into `tb...', Array, Object(Closure))
#3 C:\\Xampp\\php\\bacor_sia1\\vendor\\illuminate\\database\\Connection.php(528): Illuminate\\Database\\Connection->run('insert into `tb...', Array, Object(Closure))
#4 C:\\Xampp\\php\\bacor_sia1\\vendor\\illuminate\\database\\Connection.php(480): Illuminate\\Database\\Connection->statement('insert into `tb...', Array)
#5 C:\\Xampp\\php\\bacor_sia1\\vendor\\illuminate\\database\\Query\\Processors\\Processor.php(32): Illuminate\\Database\\Connection->insert('insert into `tb...', Array)
#6 C:\\Xampp\\php\\bacor_sia1\\vendor\\illuminate\\database\\Query\\Builder.php(3246): Illuminate\\Database\\Query\\Processors\\Processor->processInsertGetId(Object(Illuminate\\Database\\Query\\Builder), 'insert into `tb...', Array, 'id')
#7 C:\\Xampp\\php\\bacor_sia1\\vendor\\illuminate\\database\\Eloquent\\Builder.php(1745): Illuminate\\Database\\Query\\Builder->insertGetId(Array, 'id')
#8 C:\\Xampp\\php\\bacor_sia1\\vendor\\illuminate\\database\\Eloquent\\Model.php(1220): Illuminate\\Database\\Eloquent\\Builder->__call('insertGetId', Array)
#9 C:\\Xampp\\php\\bacor_sia1\\vendor\\illuminate\\database\\Eloquent\\Model.php(1185): Illuminate\\Database\\Eloquent\\Model->insertAndSetId(Object(Illuminate\\Database\\Eloquent\\Builder), Array)
#10 C:\\Xampp\\php\\bacor_sia1\\vendor\\illuminate\\database\\Eloquent\\Model.php(1026): Illuminate\\Database\\Eloquent\\Model->performInsert(Object(Illuminate\\Database\\Eloquent\\Builder))
#11 C:\\Xampp\\php\\bacor_sia1\\vendor\\illuminate\\database\\Eloquent\\Builder.php(974): Illuminate\\Database\\Eloquent\\Model->save()
#12 C:\\Xampp\\php\\bacor_sia1\\vendor\\illuminate\\support\\helpers.php(302): Illuminate\\Database\\Eloquent\\Builder->Illuminate\\Database\\Eloquent\\{closure}(Object(App\\Models\\User))
#13 C:\\Xampp\\php\\bacor_sia1\\vendor\\illuminate\\database\\Eloquent\\Builder.php(975): tap(Object(App\\Models\\User), Object(Closure))
#14 C:\\Xampp\\php\\bacor_sia1\\vendor\\illuminate\\support\\Traits\\ForwardsCalls.php(23): Illuminate\\Database\\Eloquent\\Builder->create(Array)
#15 C:\\Xampp\\php\\bacor_sia1\\vendor\\illuminate\\database\\Eloquent\\Model.php(2163): Illuminate\\Database\\Eloquent\\Model->forwardCallTo(Object(Illuminate\\Database\\Eloquent\\Builder), 'create', Array)
#16 C:\\Xampp\\php\\bacor_sia1\\vendor\\illuminate\\database\\Eloquent\\Model.php(2175): Illuminate\\Database\\Eloquent\\Model->__call('create', Array)
#17 C:\\Xampp\\php\\bacor_sia1\\app\\Http\\Controllers\\UserController.php(38): Illuminate\\Database\\Eloquent\\Model::__callStatic('create', Array)
#18 C:\\Xampp\\php\\bacor_sia1\\vendor\\illuminate\\container\\BoundMethod.php(36): App\\Http\\Controllers\\UserController->add(Object(Laravel\\Lumen\\Http\\Request))
#19 C:\\Xampp\\php\\bacor_sia1\\vendor\\illuminate\\container\\Util.php(41): Illuminate\\Container\\BoundMethod::Illuminate\\Container\\{closure}()
#20 C:\\Xampp\\php\\bacor_sia1\\vendor\\illuminate\\container\\BoundMethod.php(93): Illuminate\\Container\\Util::unwrapIfClosure(Object(Closure))
#21 C:\\Xampp\\php\\bacor_sia1\\vendor\\illuminate\\container\\BoundMethod.php(37): Illuminate\\Container\\BoundMethod::callBoundMethod(Object(Laravel\\Lumen\\Application), Array, Object(Closure))
#22 C:\\Xampp\\php\\bacor_sia1\\vendor\\illuminate\\container\\Container.php(651): Illuminate\\Container\\BoundMethod::call(Object(Laravel\\Lumen\\Application), Array, Array, NULL)
#23 C:\\Xampp\\php\\bacor_sia1\\vendor\\laravel\\lumen-framework\\src\\Concerns\\RoutesRequests.php(389): Illuminate\\Container\\Container->call(Array, Array)
#24 C:\\Xampp\\php\\bacor_sia1\\vendor\\laravel\\lumen-framework\\src\\Concerns\\RoutesRequests.php(355): Laravel\\Lumen\\Application->callControllerCallable(Array, Array)
#25 C:\\Xampp\\php\\bacor_sia1\\vendor\\laravel\\lumen-framework\\src\\Concerns\\RoutesRequests.php(329): Laravel\\Lumen\\Application->callLumenController(Object(App\\Http\\Controllers\\UserController), 'add', Array)
#26 C:\\Xampp\\php\\bacor_sia1\\vendor\\laravel\\lumen-framework\\src\\Concerns\\RoutesRequests.php(282): Laravel\\Lumen\\Application->callControllerAction(Array)
#27 C:\\Xampp\\php\\bacor_sia1\\vendor\\laravel\\lumen-framework\\src\\Concerns\\RoutesRequests.php(267): Laravel\\Lumen\\Application->callActionOnArrayBasedRoute(Array)
#28 C:\\Xampp\\php\\bacor_sia1\\vendor\\laravel\\lumen-framework\\src\\Concerns\\RoutesRequests.php(169): Laravel\\Lumen\\Application->handleFoundRoute(Array)
#29 C:\\Xampp\\php\\bacor_sia1\\vendor\\laravel\\lumen-framework\\src\\Concerns\\RoutesRequests.php(429): Laravel\\Lumen\\Application->Laravel\\Lumen\\Concerns\\{closure}(Object(Laravel\\Lumen\\Http\\Request))
#30 C:\\Xampp\\php\\bacor_sia1\\vendor\\laravel\\lumen-framework\\src\\Concerns\\RoutesRequests.php(175): Laravel\\Lumen\\Application->sendThroughPipeline(Array, Object(Closure))
#31 C:\\Xampp\\php\\bacor_sia1\\vendor\\laravel\\lumen-framework\\src\\Concerns\\RoutesRequests.php(112): Laravel\\Lumen\\Application->dispatch(NULL)
#32 C:\\Xampp\\php\\bacor_sia1\\public\\index.php(28): Laravel\\Lumen\\Application->run()
#33 {main}
"} 
[2022-05-31 03:54:28] local.ERROR: SQLSTATE[HY000]: General error: 1364 Field 'id' doesn't have a default value (SQL: insert into `tbluser` (`Name`, `Edad`, `Gender`) values (zed, 20, Male)) {"exception":"[object] (Illuminate\\Database\\QueryException(code: HY000): SQLSTATE[HY000]: General error: 1364 Field 'id' doesn't have a default value (SQL: insert into `tbluser` (`Name`, `Edad`, `Gender`) values (zed, 20, Male)) at C:\\Xampp\\php\\bacor_sia1\\vendor\\illuminate\\database\\Connection.php:742)
[stacktrace]
#0 C:\\Xampp\\php\\bacor_sia1\\vendor\\illuminate\\database\\Connection.php(702): Illuminate\\Database\\Connection->runQueryCallback('insert into `tb...', Array, Object(Closure))
#1 C:\\Xampp\\php\\bacor_sia1\\vendor\\illuminate\\database\\Connection.php(528): Illuminate\\Database\\Connection->run('insert into `tb...', Array, Object(Closure))
#2 C:\\Xampp\\php\\bacor_sia1\\vendor\\illuminate\\database\\Connection.php(480): Illuminate\\Database\\Connection->statement('insert into `tb...', Array)
#3 C:\\Xampp\\php\\bacor_sia1\\vendor\\illuminate\\database\\Query\\Processors\\Processor.php(32): Illuminate\\Database\\Connection->insert('insert into `tb...', Array)
#4 C:\\Xampp\\php\\bacor_sia1\\vendor\\illuminate\\database\\Query\\Builder.php(3246): Illuminate\\Database\\Query\\Processors\\Processor->processInsertGetId(Object(Illuminate\\Database\\Query\\Builder), 'insert into `tb...', Array, 'id')
#5 C:\\Xampp\\php\\bacor_sia1\\vendor\\illuminate\\database\\Eloquent\\Builder.php(1745): Illuminate\\Database\\Query\\Builder->insertGetId(Array, 'id')
#6 C:\\Xampp\\php\\bacor_sia1\\vendor\\illuminate\\database\\Eloquent\\Model.php(1220): Illuminate\\Database\\Eloquent\\Builder->__call('insertGetId', Array)
#7 C:\\Xampp\\php\\bacor_sia1\\vendor\\illuminate\\database\\Eloquent\\Model.php(1185): Illuminate\\Database\\Eloquent\\Model->insertAndSetId(Object(Illuminate\\Database\\Eloquent\\Builder), Array)
#8 C:\\Xampp\\php\\bacor_sia1\\vendor\\illuminate\\database\\Eloquent\\Model.php(1026): Illuminate\\Database\\Eloquent\\Model->performInsert(Object(Illuminate\\Database\\Eloquent\\Builder))
#9 C:\\Xampp\\php\\bacor_sia1\\vendor\\illuminate\\database\\Eloquent\\Builder.php(974): Illuminate\\Database\\Eloquent\\Model->save()
#10 C:\\Xampp\\php\\bacor_sia1\\vendor\\illuminate\\support\\helpers.php(302): Illuminate\\Database\\Eloquent\\Builder->Illuminate\\Database\\Eloquent\\{closure}(Object(App\\Models\\User))
#11 C:\\Xampp\\php\\bacor_sia1\\vendor\\illuminate\\database\\Eloquent\\Builder.php(975): tap(Object(App\\Models\\User), Object(Closure))
#12 C:\\Xampp\\php\\bacor_sia1\\vendor\\illuminate\\support\\Traits\\ForwardsCalls.php(23): Illuminate\\Database\\Eloquent\\Builder->create(Array)
#13 C:\\Xampp\\php\\bacor_sia1\\vendor\\illuminate\\database\\Eloquent\\Model.php(2163): Illuminate\\Database\\Eloquent\\Model->forwardCallTo(Object(Illuminate\\Database\\Eloquent\\Builder), 'create', Array)
#14 C:\\Xampp\\php\\bacor_sia1\\vendor\\illuminate\\database\\Eloquent\\Model.php(2175): Illuminate\\Database\\Eloquent\\Model->__call('create', Array)
#15 C:\\Xampp\\php\\bacor_sia1\\app\\Http\\Controllers\\UserController.php(38): Illuminate\\Database\\Eloquent\\Model::__callStatic('create', Array)
#16 C:\\Xampp\\php\\bacor_sia1\\vendor\\illuminate\\container\\BoundMethod.php(36): App\\Http\\Controllers\\UserController->add(Object(Laravel\\Lumen\\Http\\Request))
#17 C:\\Xampp\\php\\bacor_sia1\\vendor\\illuminate\\container\\Util.php(41): Illuminate\\Container\\BoundMethod::Illuminate\\Container\\{closure}()
#18 C:\\Xampp\\php\\bacor_sia1\\vendor\\illuminate\\container\\BoundMethod.php(93): Illuminate\\Container\\Util::unwrapIfClosure(Object(Closure))
#19 C:\\Xampp\\php\\bacor_sia1\\vendor\\illuminate\\container\\BoundMethod.php(37): Illuminate\\Container\\BoundMethod::callBoundMethod(Object(Laravel\\Lumen\\Application), Array, Object(Closure))
#20 C:\\Xampp\\php\\bacor_sia1\\vendor\\illuminate\\container\\Container.php(651): Illuminate\\Container\\BoundMethod::call(Object(Laravel\\Lumen\\Application), Array, Array, NULL)
#21 C:\\Xampp\\php\\bacor_sia1\\vendor\\laravel\\lumen-framework\\src\\Concerns\\RoutesRequests.php(389): Illuminate\\Container\\Container->call(Array, Array)
#22 C:\\Xampp\\php\\bacor_sia1\\vendor\\laravel\\lumen-framework\\src\\Concerns\\RoutesRequests.php(355): Laravel\\Lumen\\Application->callControllerCallable(Array, Array)
#23 C:\\Xampp\\php\\bacor_sia1\\vendor\\laravel\\lumen-framework\\src\\Concerns\\RoutesRequests.php(329): Laravel\\Lumen\\Application->callLumenController(Object(App\\Http\\Controllers\\UserController), 'add', Array)
#24 C:\\Xampp\\php\\bacor_sia1\\vendor\\laravel\\lumen-framework\\src\\Concerns\\RoutesRequests.php(282): Laravel\\Lumen\\Application->callControllerAction(Array)
#25 C:\\Xampp\\php\\bacor_sia1\\vendor\\laravel\\lumen-framework\\src\\Concerns\\RoutesRequests.php(267): Laravel\\Lumen\\Application->callActionOnArrayBasedRoute(Array)
#26 C:\\Xampp\\php\\bacor_sia1\\vendor\\laravel\\lumen-framework\\src\\Concerns\\RoutesRequests.php(169): Laravel\\Lumen\\Application->handleFoundRoute(Array)
#27 C:\\Xampp\\php\\bacor_sia1\\vendor\\laravel\\lumen-framework\\src\\Concerns\\RoutesRequests.php(429): Laravel\\Lumen\\Application->Laravel\\Lumen\\Concerns\\{closure}(Object(Laravel\\Lumen\\Http\\Request))
#28 C:\\Xampp\\php\\bacor_sia1\\vendor\\laravel\\lumen-framework\\src\\Concerns\\RoutesRequests.php(175): Laravel\\Lumen\\Application->sendThroughPipeline(Array, Object(Closure))
#29 C:\\Xampp\\php\\bacor_sia1\\vendor\\laravel\\lumen-framework\\src\\Concerns\\RoutesRequests.php(112): Laravel\\Lumen\\Application->dispatch(NULL)
#30 C:\\Xampp\\php\\bacor_sia1\\public\\index.php(28): Laravel\\Lumen\\Application->run()
#31 {main}

[previous exception] [object] (PDOException(code: HY000): SQLSTATE[HY000]: General error: 1364 Field 'id' doesn't have a default value at C:\\Xampp\\php\\bacor_sia1\\vendor\\illuminate\\database\\Connection.php:527)
[stacktrace]
#0 C:\\Xampp\\php\\bacor_sia1\\vendor\\illuminate\\database\\Connection.php(527): PDOStatement->execute()
#1 C:\\Xampp\\php\\bacor_sia1\\vendor\\illuminate\\database\\Connection.php(735): Illuminate\\Database\\Connection->Illuminate\\Database\\{closure}('insert into `tb...', Array)
#2 C:\\Xampp\\php\\bacor_sia1\\vendor\\illuminate\\database\\Connection.php(702): Illuminate\\Database\\Connection->runQueryCallback('insert into `tb...', Array, Object(Closure))
#3 C:\\Xampp\\php\\bacor_sia1\\vendor\\illuminate\\database\\Connection.php(528): Illuminate\\Database\\Connection->run('insert into `tb...', Array, Object(Closure))
#4 C:\\Xampp\\php\\bacor_sia1\\vendor\\illuminate\\database\\Connection.php(480): Illuminate\\Database\\Connection->statement('insert into `tb...', Array)
#5 C:\\Xampp\\php\\bacor_sia1\\vendor\\illuminate\\database\\Query\\Processors\\Processor.php(32): Illuminate\\Database\\Connection->insert('insert into `tb...', Array)
#6 C:\\Xampp\\php\\bacor_sia1\\vendor\\illuminate\\database\\Query\\Builder.php(3246): Illuminate\\Database\\Query\\Processors\\Processor->processInsertGetId(Object(Illuminate\\Database\\Query\\Builder), 'insert into `tb...', Array, 'id')
#7 C:\\Xampp\\php\\bacor_sia1\\vendor\\illuminate\\database\\Eloquent\\Builder.php(1745): Illuminate\\Database\\Query\\Builder->insertGetId(Array, 'id')
#8 C:\\Xampp\\php\\bacor_sia1\\vendor\\illuminate\\database\\Eloquent\\Model.php(1220): Illuminate\\Database\\Eloquent\\Builder->__call('insertGetId', Array)
#9 C:\\Xampp\\php\\bacor_sia1\\vendor\\illuminate\\database\\Eloquent\\Model.php(1185): Illuminate\\Database\\Eloquent\\Model->insertAndSetId(Object(Illuminate\\Database\\Eloquent\\Builder), Array)
#10 C:\\Xampp\\php\\bacor_sia1\\vendor\\illuminate\\database\\Eloquent\\Model.php(1026): Illuminate\\Database\\Eloquent\\Model->performInsert(Object(Illuminate\\Database\\Eloquent\\Builder))
#11 C:\\Xampp\\php\\bacor_sia1\\vendor\\illuminate\\database\\Eloquent\\Builder.php(974): Illuminate\\Database\\Eloquent\\Model->save()
#12 C:\\Xampp\\php\\bacor_sia1\\vendor\\illuminate\\support\\helpers.php(302): Illuminate\\Database\\Eloquent\\Builder->Illuminate\\Database\\Eloquent\\{closure}(Object(App\\Models\\User))
#13 C:\\Xampp\\php\\bacor_sia1\\vendor\\illuminate\\database\\Eloquent\\Builder.php(975): tap(Object(App\\Models\\User), Object(Closure))
#14 C:\\Xampp\\php\\bacor_sia1\\vendor\\illuminate\\support\\Traits\\ForwardsCalls.php(23): Illuminate\\Database\\Eloquent\\Builder->create(Array)
#15 C:\\Xampp\\php\\bacor_sia1\\vendor\\illuminate\\database\\Eloquent\\Model.php(2163): Illuminate\\Database\\Eloquent\\Model->forwardCallTo(Object(Illuminate\\Database\\Eloquent\\Builder), 'create', Array)
#16 C:\\Xampp\\php\\bacor_sia1\\vendor\\illuminate\\database\\Eloquent\\Model.php(2175): Illuminate\\Database\\Eloquent\\Model->__call('create', Array)
#17 C:\\Xampp\\php\\bacor_sia1\\app\\Http\\Controllers\\UserController.php(38): Illuminate\\Database\\Eloquent\\Model::__callStatic('create', Array)
#18 C:\\Xampp\\php\\bacor_sia1\\vendor\\illuminate\\container\\BoundMethod.php(36): App\\Http\\Controllers\\UserController->add(Object(Laravel\\Lumen\\Http\\Request))
#19 C:\\Xampp\\php\\bacor_sia1\\vendor\\illuminate\\container\\Util.php(41): Illuminate\\Container\\BoundMethod::Illuminate\\Container\\{closure}()
#20 C:\\Xampp\\php\\bacor_sia1\\vendor\\illuminate\\container\\BoundMethod.php(93): Illuminate\\Container\\Util::unwrapIfClosure(Object(Closure))
#21 C:\\Xampp\\php\\bacor_sia1\\vendor\\illuminate\\container\\BoundMethod.php(37): Illuminate\\Container\\BoundMethod::callBoundMethod(Object(Laravel\\Lumen\\Application), Array, Object(Closure))
#22 C:\\Xampp\\php\\bacor_sia1\\vendor\\illuminate\\container\\Container.php(651): Illuminate\\Container\\BoundMethod::call(Object(Laravel\\Lumen\\Application), Array, Array, NULL)
#23 C:\\Xampp\\php\\bacor_sia1\\vendor\\laravel\\lumen-framework\\src\\Concerns\\RoutesRequests.php(389): Illuminate\\Container\\Container->call(Array, Array)
#24 C:\\Xampp\\php\\bacor_sia1\\vendor\\laravel\\lumen-framework\\src\\Concerns\\RoutesRequests.php(355): Laravel\\Lumen\\Application->callControllerCallable(Array, Array)
#25 C:\\Xampp\\php\\bacor_sia1\\vendor\\laravel\\lumen-framework\\src\\Concerns\\RoutesRequests.php(329): Laravel\\Lumen\\Application->callLumenController(Object(App\\Http\\Controllers\\UserController), 'add', Array)
#26 C:\\Xampp\\php\\bacor_sia1\\vendor\\laravel\\lumen-framework\\src\\Concerns\\RoutesRequests.php(282): Laravel\\Lumen\\Application->callControllerAction(Array)
#27 C:\\Xampp\\php\\bacor_sia1\\vendor\\laravel\\lumen-framework\\src\\Concerns\\RoutesRequests.php(267): Laravel\\Lumen\\Application->callActionOnArrayBasedRoute(Array)
#28 C:\\Xampp\\php\\bacor_sia1\\vendor\\laravel\\lumen-framework\\src\\Concerns\\RoutesRequests.php(169): Laravel\\Lumen\\Application->handleFoundRoute(Array)
#29 C:\\Xampp\\php\\bacor_sia1\\vendor\\laravel\\lumen-framework\\src\\Concerns\\RoutesRequests.php(429): Laravel\\Lumen\\Application->Laravel\\Lumen\\Concerns\\{closure}(Object(Laravel\\Lumen\\Http\\Request))
#30 C:\\Xampp\\php\\bacor_sia1\\vendor\\laravel\\lumen-framework\\src\\Concerns\\RoutesRequests.php(175): Laravel\\Lumen\\Application->sendThroughPipeline(Array, Object(Closure))
#31 C:\\Xampp\\php\\bacor_sia1\\vendor\\laravel\\lumen-framework\\src\\Concerns\\RoutesRequests.php(112): Laravel\\Lumen\\Application->dispatch(NULL)
#32 C:\\Xampp\\php\\bacor_sia1\\public\\index.php(28): Laravel\\Lumen\\Application->run()
#33 {main}
"} 
[2022-05-31 03:54:45] local.ERROR: SQLSTATE[HY000]: General error: 1364 Field 'id' doesn't have a default value (SQL: insert into `tbluser` (`Name`, `Edad`, `Gender`) values (Zed, 20, Male)) {"exception":"[object] (Illuminate\\Database\\QueryException(code: HY000): SQLSTATE[HY000]: General error: 1364 Field 'id' doesn't have a default value (SQL: insert into `tbluser` (`Name`, `Edad`, `Gender`) values (Zed, 20, Male)) at C:\\Xampp\\php\\bacor_sia1\\vendor\\illuminate\\database\\Connection.php:742)
[stacktrace]
#0 C:\\Xampp\\php\\bacor_sia1\\vendor\\illuminate\\database\\Connection.php(702): Illuminate\\Database\\Connection->runQueryCallback('insert into `tb...', Array, Object(Closure))
#1 C:\\Xampp\\php\\bacor_sia1\\vendor\\illuminate\\database\\Connection.php(528): Illuminate\\Database\\Connection->run('insert into `tb...', Array, Object(Closure))
#2 C:\\Xampp\\php\\bacor_sia1\\vendor\\illuminate\\database\\Connection.php(480): Illuminate\\Database\\Connection->statement('insert into `tb...', Array)
#3 C:\\Xampp\\php\\bacor_sia1\\vendor\\illuminate\\database\\Query\\Processors\\Processor.php(32): Illuminate\\Database\\Connection->insert('insert into `tb...', Array)
#4 C:\\Xampp\\php\\bacor_sia1\\vendor\\illuminate\\database\\Query\\Builder.php(3246): Illuminate\\Database\\Query\\Processors\\Processor->processInsertGetId(Object(Illuminate\\Database\\Query\\Builder), 'insert into `tb...', Array, 'id')
#5 C:\\Xampp\\php\\bacor_sia1\\vendor\\illuminate\\database\\Eloquent\\Builder.php(1745): Illuminate\\Database\\Query\\Builder->insertGetId(Array, 'id')
#6 C:\\Xampp\\php\\bacor_sia1\\vendor\\illuminate\\database\\Eloquent\\Model.php(1220): Illuminate\\Database\\Eloquent\\Builder->__call('insertGetId', Array)
#7 C:\\Xampp\\php\\bacor_sia1\\vendor\\illuminate\\database\\Eloquent\\Model.php(1185): Illuminate\\Database\\Eloquent\\Model->insertAndSetId(Object(Illuminate\\Database\\Eloquent\\Builder), Array)
#8 C:\\Xampp\\php\\bacor_sia1\\vendor\\illuminate\\database\\Eloquent\\Model.php(1026): Illuminate\\Database\\Eloquent\\Model->performInsert(Object(Illuminate\\Database\\Eloquent\\Builder))
#9 C:\\Xampp\\php\\bacor_sia1\\vendor\\illuminate\\database\\Eloquent\\Builder.php(974): Illuminate\\Database\\Eloquent\\Model->save()
#10 C:\\Xampp\\php\\bacor_sia1\\vendor\\illuminate\\support\\helpers.php(302): Illuminate\\Database\\Eloquent\\Builder->Illuminate\\Database\\Eloquent\\{closure}(Object(App\\Models\\User))
#11 C:\\Xampp\\php\\bacor_sia1\\vendor\\illuminate\\database\\Eloquent\\Builder.php(975): tap(Object(App\\Models\\User), Object(Closure))
#12 C:\\Xampp\\php\\bacor_sia1\\vendor\\illuminate\\support\\Traits\\ForwardsCalls.php(23): Illuminate\\Database\\Eloquent\\Builder->create(Array)
#13 C:\\Xampp\\php\\bacor_sia1\\vendor\\illuminate\\database\\Eloquent\\Model.php(2163): Illuminate\\Database\\Eloquent\\Model->forwardCallTo(Object(Illuminate\\Database\\Eloquent\\Builder), 'create', Array)
#14 C:\\Xampp\\php\\bacor_sia1\\vendor\\illuminate\\database\\Eloquent\\Model.php(2175): Illuminate\\Database\\Eloquent\\Model->__call('create', Array)
#15 C:\\Xampp\\php\\bacor_sia1\\app\\Http\\Controllers\\UserController.php(38): Illuminate\\Database\\Eloquent\\Model::__callStatic('create', Array)
#16 C:\\Xampp\\php\\bacor_sia1\\vendor\\illuminate\\container\\BoundMethod.php(36): App\\Http\\Controllers\\UserController->add(Object(Laravel\\Lumen\\Http\\Request))
#17 C:\\Xampp\\php\\bacor_sia1\\vendor\\illuminate\\container\\Util.php(41): Illuminate\\Container\\BoundMethod::Illuminate\\Container\\{closure}()
#18 C:\\Xampp\\php\\bacor_sia1\\vendor\\illuminate\\container\\BoundMethod.php(93): Illuminate\\Container\\Util::unwrapIfClosure(Object(Closure))
#19 C:\\Xampp\\php\\bacor_sia1\\vendor\\illuminate\\container\\BoundMethod.php(37): Illuminate\\Container\\BoundMethod::callBoundMethod(Object(Laravel\\Lumen\\Application), Array, Object(Closure))
#20 C:\\Xampp\\php\\bacor_sia1\\vendor\\illuminate\\container\\Container.php(651): Illuminate\\Container\\BoundMethod::call(Object(Laravel\\Lumen\\Application), Array, Array, NULL)
#21 C:\\Xampp\\php\\bacor_sia1\\vendor\\laravel\\lumen-framework\\src\\Concerns\\RoutesRequests.php(389): Illuminate\\Container\\Container->call(Array, Array)
#22 C:\\Xampp\\php\\bacor_sia1\\vendor\\laravel\\lumen-framework\\src\\Concerns\\RoutesRequests.php(355): Laravel\\Lumen\\Application->callControllerCallable(Array, Array)
#23 C:\\Xampp\\php\\bacor_sia1\\vendor\\laravel\\lumen-framework\\src\\Concerns\\RoutesRequests.php(329): Laravel\\Lumen\\Application->callLumenController(Object(App\\Http\\Controllers\\UserController), 'add', Array)
#24 C:\\Xampp\\php\\bacor_sia1\\vendor\\laravel\\lumen-framework\\src\\Concerns\\RoutesRequests.php(282): Laravel\\Lumen\\Application->callControllerAction(Array)
#25 C:\\Xampp\\php\\bacor_sia1\\vendor\\laravel\\lumen-framework\\src\\Concerns\\RoutesRequests.php(267): Laravel\\Lumen\\Application->callActionOnArrayBasedRoute(Array)
#26 C:\\Xampp\\php\\bacor_sia1\\vendor\\laravel\\lumen-framework\\src\\Concerns\\RoutesRequests.php(169): Laravel\\Lumen\\Application->handleFoundRoute(Array)
#27 C:\\Xampp\\php\\bacor_sia1\\vendor\\laravel\\lumen-framework\\src\\Concerns\\RoutesRequests.php(429): Laravel\\Lumen\\Application->Laravel\\Lumen\\Concerns\\{closure}(Object(Laravel\\Lumen\\Http\\Request))
#28 C:\\Xampp\\php\\bacor_sia1\\vendor\\laravel\\lumen-framework\\src\\Concerns\\RoutesRequests.php(175): Laravel\\Lumen\\Application->sendThroughPipeline(Array, Object(Closure))
#29 C:\\Xampp\\php\\bacor_sia1\\vendor\\laravel\\lumen-framework\\src\\Concerns\\RoutesRequests.php(112): Laravel\\Lumen\\Application->dispatch(NULL)
#30 C:\\Xampp\\php\\bacor_sia1\\public\\index.php(28): Laravel\\Lumen\\Application->run()
#31 {main}

[previous exception] [object] (PDOException(code: HY000): SQLSTATE[HY000]: General error: 1364 Field 'id' doesn't have a default value at C:\\Xampp\\php\\bacor_sia1\\vendor\\illuminate\\database\\Connection.php:527)
[stacktrace]
#0 C:\\Xampp\\php\\bacor_sia1\\vendor\\illuminate\\database\\Connection.php(527): PDOStatement->execute()
#1 C:\\Xampp\\php\\bacor_sia1\\vendor\\illuminate\\database\\Connection.php(735): Illuminate\\Database\\Connection->Illuminate\\Database\\{closure}('insert into `tb...', Array)
#2 C:\\Xampp\\php\\bacor_sia1\\vendor\\illuminate\\database\\Connection.php(702): Illuminate\\Database\\Connection->runQueryCallback('insert into `tb...', Array, Object(Closure))
#3 C:\\Xampp\\php\\bacor_sia1\\vendor\\illuminate\\database\\Connection.php(528): Illuminate\\Database\\Connection->run('insert into `tb...', Array, Object(Closure))
#4 C:\\Xampp\\php\\bacor_sia1\\vendor\\illuminate\\database\\Connection.php(480): Illuminate\\Database\\Connection->statement('insert into `tb...', Array)
#5 C:\\Xampp\\php\\bacor_sia1\\vendor\\illuminate\\database\\Query\\Processors\\Processor.php(32): Illuminate\\Database\\Connection->insert('insert into `tb...', Array)
#6 C:\\Xampp\\php\\bacor_sia1\\vendor\\illuminate\\database\\Query\\Builder.php(3246): Illuminate\\Database\\Query\\Processors\\Processor->processInsertGetId(Object(Illuminate\\Database\\Query\\Builder), 'insert into `tb...', Array, 'id')
#7 C:\\Xampp\\php\\bacor_sia1\\vendor\\illuminate\\database\\Eloquent\\Builder.php(1745): Illuminate\\Database\\Query\\Builder->insertGetId(Array, 'id')
#8 C:\\Xampp\\php\\bacor_sia1\\vendor\\illuminate\\database\\Eloquent\\Model.php(1220): Illuminate\\Database\\Eloquent\\Builder->__call('insertGetId', Array)
#9 C:\\Xampp\\php\\bacor_sia1\\vendor\\illuminate\\database\\Eloquent\\Model.php(1185): Illuminate\\Database\\Eloquent\\Model->insertAndSetId(Object(Illuminate\\Database\\Eloquent\\Builder), Array)
#10 C:\\Xampp\\php\\bacor_sia1\\vendor\\illuminate\\database\\Eloquent\\Model.php(1026): Illuminate\\Database\\Eloquent\\Model->performInsert(Object(Illuminate\\Database\\Eloquent\\Builder))
#11 C:\\Xampp\\php\\bacor_sia1\\vendor\\illuminate\\database\\Eloquent\\Builder.php(974): Illuminate\\Database\\Eloquent\\Model->save()
#12 C:\\Xampp\\php\\bacor_sia1\\vendor\\illuminate\\support\\helpers.php(302): Illuminate\\Database\\Eloquent\\Builder->Illuminate\\Database\\Eloquent\\{closure}(Object(App\\Models\\User))
#13 C:\\Xampp\\php\\bacor_sia1\\vendor\\illuminate\\database\\Eloquent\\Builder.php(975): tap(Object(App\\Models\\User), Object(Closure))
#14 C:\\Xampp\\php\\bacor_sia1\\vendor\\illuminate\\support\\Traits\\ForwardsCalls.php(23): Illuminate\\Database\\Eloquent\\Builder->create(Array)
#15 C:\\Xampp\\php\\bacor_sia1\\vendor\\illuminate\\database\\Eloquent\\Model.php(2163): Illuminate\\Database\\Eloquent\\Model->forwardCallTo(Object(Illuminate\\Database\\Eloquent\\Builder), 'create', Array)
#16 C:\\Xampp\\php\\bacor_sia1\\vendor\\illuminate\\database\\Eloquent\\Model.php(2175): Illuminate\\Database\\Eloquent\\Model->__call('create', Array)
#17 C:\\Xampp\\php\\bacor_sia1\\app\\Http\\Controllers\\UserController.php(38): Illuminate\\Database\\Eloquent\\Model::__callStatic('create', Array)
#18 C:\\Xampp\\php\\bacor_sia1\\vendor\\illuminate\\container\\BoundMethod.php(36): App\\Http\\Controllers\\UserController->add(Object(Laravel\\Lumen\\Http\\Request))
#19 C:\\Xampp\\php\\bacor_sia1\\vendor\\illuminate\\container\\Util.php(41): Illuminate\\Container\\BoundMethod::Illuminate\\Container\\{closure}()
#20 C:\\Xampp\\php\\bacor_sia1\\vendor\\illuminate\\container\\BoundMethod.php(93): Illuminate\\Container\\Util::unwrapIfClosure(Object(Closure))
#21 C:\\Xampp\\php\\bacor_sia1\\vendor\\illuminate\\container\\BoundMethod.php(37): Illuminate\\Container\\BoundMethod::callBoundMethod(Object(Laravel\\Lumen\\Application), Array, Object(Closure))
#22 C:\\Xampp\\php\\bacor_sia1\\vendor\\illuminate\\container\\Container.php(651): Illuminate\\Container\\BoundMethod::call(Object(Laravel\\Lumen\\Application), Array, Array, NULL)
#23 C:\\Xampp\\php\\bacor_sia1\\vendor\\laravel\\lumen-framework\\src\\Concerns\\RoutesRequests.php(389): Illuminate\\Container\\Container->call(Array, Array)
#24 C:\\Xampp\\php\\bacor_sia1\\vendor\\laravel\\lumen-framework\\src\\Concerns\\RoutesRequests.php(355): Laravel\\Lumen\\Application->callControllerCallable(Array, Array)
#25 C:\\Xampp\\php\\bacor_sia1\\vendor\\laravel\\lumen-framework\\src\\Concerns\\RoutesRequests.php(329): Laravel\\Lumen\\Application->callLumenController(Object(App\\Http\\Controllers\\UserController), 'add', Array)
#26 C:\\Xampp\\php\\bacor_sia1\\vendor\\laravel\\lumen-framework\\src\\Concerns\\RoutesRequests.php(282): Laravel\\Lumen\\Application->callControllerAction(Array)
#27 C:\\Xampp\\php\\bacor_sia1\\vendor\\laravel\\lumen-framework\\src\\Concerns\\RoutesRequests.php(267): Laravel\\Lumen\\Application->callActionOnArrayBasedRoute(Array)
#28 C:\\Xampp\\php\\bacor_sia1\\vendor\\laravel\\lumen-framework\\src\\Concerns\\RoutesRequests.php(169): Laravel\\Lumen\\Application->handleFoundRoute(Array)
#29 C:\\Xampp\\php\\bacor_sia1\\vendor\\laravel\\lumen-framework\\src\\Concerns\\RoutesRequests.php(429): Laravel\\Lumen\\Application->Laravel\\Lumen\\Concerns\\{closure}(Object(Laravel\\Lumen\\Http\\Request))
#30 C:\\Xampp\\php\\bacor_sia1\\vendor\\laravel\\lumen-framework\\src\\Concerns\\RoutesRequests.php(175): Laravel\\Lumen\\Application->sendThroughPipeline(Array, Object(Closure))
#31 C:\\Xampp\\php\\bacor_sia1\\vendor\\laravel\\lumen-framework\\src\\Concerns\\RoutesRequests.php(112): Laravel\\Lumen\\Application->dispatch(NULL)
#32 C:\\Xampp\\php\\bacor_sia1\\public\\index.php(28): Laravel\\Lumen\\Application->run()
#33 {main}
"} 
[2022-05-31 03:56:37] local.ERROR: SQLSTATE[HY000]: General error: 1364 Field 'id' doesn't have a default value (SQL: insert into `tbluser` (`Name`, `Edad`, `Gender`) values (Zed, 21, Male)) {"exception":"[object] (Illuminate\\Database\\QueryException(code: HY000): SQLSTATE[HY000]: General error: 1364 Field 'id' doesn't have a default value (SQL: insert into `tbluser` (`Name`, `Edad`, `Gender`) values (Zed, 21, Male)) at C:\\Xampp\\php\\bacor_sia1\\vendor\\illuminate\\database\\Connection.php:742)
[stacktrace]
#0 C:\\Xampp\\php\\bacor_sia1\\vendor\\illuminate\\database\\Connection.php(702): Illuminate\\Database\\Connection->runQueryCallback('insert into `tb...', Array, Object(Closure))
#1 C:\\Xampp\\php\\bacor_sia1\\vendor\\illuminate\\database\\Connection.php(528): Illuminate\\Database\\Connection->run('insert into `tb...', Array, Object(Closure))
#2 C:\\Xampp\\php\\bacor_sia1\\vendor\\illuminate\\database\\Connection.php(480): Illuminate\\Database\\Connection->statement('insert into `tb...', Array)
#3 C:\\Xampp\\php\\bacor_sia1\\vendor\\illuminate\\database\\Query\\Processors\\Processor.php(32): Illuminate\\Database\\Connection->insert('insert into `tb...', Array)
#4 C:\\Xampp\\php\\bacor_sia1\\vendor\\illuminate\\database\\Query\\Builder.php(3246): Illuminate\\Database\\Query\\Processors\\Processor->processInsertGetId(Object(Illuminate\\Database\\Query\\Builder), 'insert into `tb...', Array, 'id')
#5 C:\\Xampp\\php\\bacor_sia1\\vendor\\illuminate\\database\\Eloquent\\Builder.php(1745): Illuminate\\Database\\Query\\Builder->insertGetId(Array, 'id')
#6 C:\\Xampp\\php\\bacor_sia1\\vendor\\illuminate\\database\\Eloquent\\Model.php(1220): Illuminate\\Database\\Eloquent\\Builder->__call('insertGetId', Array)
#7 C:\\Xampp\\php\\bacor_sia1\\vendor\\illuminate\\database\\Eloquent\\Model.php(1185): Illuminate\\Database\\Eloquent\\Model->insertAndSetId(Object(Illuminate\\Database\\Eloquent\\Builder), Array)
#8 C:\\Xampp\\php\\bacor_sia1\\vendor\\illuminate\\database\\Eloquent\\Model.php(1026): Illuminate\\Database\\Eloquent\\Model->performInsert(Object(Illuminate\\Database\\Eloquent\\Builder))
#9 C:\\Xampp\\php\\bacor_sia1\\vendor\\illuminate\\database\\Eloquent\\Builder.php(974): Illuminate\\Database\\Eloquent\\Model->save()
#10 C:\\Xampp\\php\\bacor_sia1\\vendor\\illuminate\\support\\helpers.php(302): Illuminate\\Database\\Eloquent\\Builder->Illuminate\\Database\\Eloquent\\{closure}(Object(App\\Models\\User))
#11 C:\\Xampp\\php\\bacor_sia1\\vendor\\illuminate\\database\\Eloquent\\Builder.php(975): tap(Object(App\\Models\\User), Object(Closure))
#12 C:\\Xampp\\php\\bacor_sia1\\vendor\\illuminate\\support\\Traits\\ForwardsCalls.php(23): Illuminate\\Database\\Eloquent\\Builder->create(Array)
#13 C:\\Xampp\\php\\bacor_sia1\\vendor\\illuminate\\database\\Eloquent\\Model.php(2163): Illuminate\\Database\\Eloquent\\Model->forwardCallTo(Object(Illuminate\\Database\\Eloquent\\Builder), 'create', Array)
#14 C:\\Xampp\\php\\bacor_sia1\\vendor\\illuminate\\database\\Eloquent\\Model.php(2175): Illuminate\\Database\\Eloquent\\Model->__call('create', Array)
#15 C:\\Xampp\\php\\bacor_sia1\\app\\Http\\Controllers\\UserController.php(38): Illuminate\\Database\\Eloquent\\Model::__callStatic('create', Array)
#16 C:\\Xampp\\php\\bacor_sia1\\vendor\\illuminate\\container\\BoundMethod.php(36): App\\Http\\Controllers\\UserController->add(Object(Laravel\\Lumen\\Http\\Request))
#17 C:\\Xampp\\php\\bacor_sia1\\vendor\\illuminate\\container\\Util.php(41): Illuminate\\Container\\BoundMethod::Illuminate\\Container\\{closure}()
#18 C:\\Xampp\\php\\bacor_sia1\\vendor\\illuminate\\container\\BoundMethod.php(93): Illuminate\\Container\\Util::unwrapIfClosure(Object(Closure))
#19 C:\\Xampp\\php\\bacor_sia1\\vendor\\illuminate\\container\\BoundMethod.php(37): Illuminate\\Container\\BoundMethod::callBoundMethod(Object(Laravel\\Lumen\\Application), Array, Object(Closure))
#20 C:\\Xampp\\php\\bacor_sia1\\vendor\\illuminate\\container\\Container.php(651): Illuminate\\Container\\BoundMethod::call(Object(Laravel\\Lumen\\Application), Array, Array, NULL)
#21 C:\\Xampp\\php\\bacor_sia1\\vendor\\laravel\\lumen-framework\\src\\Concerns\\RoutesRequests.php(389): Illuminate\\Container\\Container->call(Array, Array)
#22 C:\\Xampp\\php\\bacor_sia1\\vendor\\laravel\\lumen-framework\\src\\Concerns\\RoutesRequests.php(355): Laravel\\Lumen\\Application->callControllerCallable(Array, Array)
#23 C:\\Xampp\\php\\bacor_sia1\\vendor\\laravel\\lumen-framework\\src\\Concerns\\RoutesRequests.php(329): Laravel\\Lumen\\Application->callLumenController(Object(App\\Http\\Controllers\\UserController), 'add', Array)
#24 C:\\Xampp\\php\\bacor_sia1\\vendor\\laravel\\lumen-framework\\src\\Concerns\\RoutesRequests.php(282): Laravel\\Lumen\\Application->callControllerAction(Array)
#25 C:\\Xampp\\php\\bacor_sia1\\vendor\\laravel\\lumen-framework\\src\\Concerns\\RoutesRequests.php(267): Laravel\\Lumen\\Application->callActionOnArrayBasedRoute(Array)
#26 C:\\Xampp\\php\\bacor_sia1\\vendor\\laravel\\lumen-framework\\src\\Concerns\\RoutesRequests.php(169): Laravel\\Lumen\\Application->handleFoundRoute(Array)
#27 C:\\Xampp\\php\\bacor_sia1\\vendor\\laravel\\lumen-framework\\src\\Concerns\\RoutesRequests.php(429): Laravel\\Lumen\\Application->Laravel\\Lumen\\Concerns\\{closure}(Object(Laravel\\Lumen\\Http\\Request))
#28 C:\\Xampp\\php\\bacor_sia1\\vendor\\laravel\\lumen-framework\\src\\Concerns\\RoutesRequests.php(175): Laravel\\Lumen\\Application->sendThroughPipeline(Array, Object(Closure))
#29 C:\\Xampp\\php\\bacor_sia1\\vendor\\laravel\\lumen-framework\\src\\Concerns\\RoutesRequests.php(112): Laravel\\Lumen\\Application->dispatch(NULL)
#30 C:\\Xampp\\php\\bacor_sia1\\public\\index.php(28): Laravel\\Lumen\\Application->run()
#31 {main}

[previous exception] [object] (PDOException(code: HY000): SQLSTATE[HY000]: General error: 1364 Field 'id' doesn't have a default value at C:\\Xampp\\php\\bacor_sia1\\vendor\\illuminate\\database\\Connection.php:527)
[stacktrace]
#0 C:\\Xampp\\php\\bacor_sia1\\vendor\\illuminate\\database\\Connection.php(527): PDOStatement->execute()
#1 C:\\Xampp\\php\\bacor_sia1\\vendor\\illuminate\\database\\Connection.php(735): Illuminate\\Database\\Connection->Illuminate\\Database\\{closure}('insert into `tb...', Array)
#2 C:\\Xampp\\php\\bacor_sia1\\vendor\\illuminate\\database\\Connection.php(702): Illuminate\\Database\\Connection->runQueryCallback('insert into `tb...', Array, Object(Closure))
#3 C:\\Xampp\\php\\bacor_sia1\\vendor\\illuminate\\database\\Connection.php(528): Illuminate\\Database\\Connection->run('insert into `tb...', Array, Object(Closure))
#4 C:\\Xampp\\php\\bacor_sia1\\vendor\\illuminate\\database\\Connection.php(480): Illuminate\\Database\\Connection->statement('insert into `tb...', Array)
#5 C:\\Xampp\\php\\bacor_sia1\\vendor\\illuminate\\database\\Query\\Processors\\Processor.php(32): Illuminate\\Database\\Connection->insert('insert into `tb...', Array)
#6 C:\\Xampp\\php\\bacor_sia1\\vendor\\illuminate\\database\\Query\\Builder.php(3246): Illuminate\\Database\\Query\\Processors\\Processor->processInsertGetId(Object(Illuminate\\Database\\Query\\Builder), 'insert into `tb...', Array, 'id')
#7 C:\\Xampp\\php\\bacor_sia1\\vendor\\illuminate\\database\\Eloquent\\Builder.php(1745): Illuminate\\Database\\Query\\Builder->insertGetId(Array, 'id')
#8 C:\\Xampp\\php\\bacor_sia1\\vendor\\illuminate\\database\\Eloquent\\Model.php(1220): Illuminate\\Database\\Eloquent\\Builder->__call('insertGetId', Array)
#9 C:\\Xampp\\php\\bacor_sia1\\vendor\\illuminate\\database\\Eloquent\\Model.php(1185): Illuminate\\Database\\Eloquent\\Model->insertAndSetId(Object(Illuminate\\Database\\Eloquent\\Builder), Array)
#10 C:\\Xampp\\php\\bacor_sia1\\vendor\\illuminate\\database\\Eloquent\\Model.php(1026): Illuminate\\Database\\Eloquent\\Model->performInsert(Object(Illuminate\\Database\\Eloquent\\Builder))
#11 C:\\Xampp\\php\\bacor_sia1\\vendor\\illuminate\\database\\Eloquent\\Builder.php(974): Illuminate\\Database\\Eloquent\\Model->save()
#12 C:\\Xampp\\php\\bacor_sia1\\vendor\\illuminate\\support\\helpers.php(302): Illuminate\\Database\\Eloquent\\Builder->Illuminate\\Database\\Eloquent\\{closure}(Object(App\\Models\\User))
#13 C:\\Xampp\\php\\bacor_sia1\\vendor\\illuminate\\database\\Eloquent\\Builder.php(975): tap(Object(App\\Models\\User), Object(Closure))
#14 C:\\Xampp\\php\\bacor_sia1\\vendor\\illuminate\\support\\Traits\\ForwardsCalls.php(23): Illuminate\\Database\\Eloquent\\Builder->create(Array)
#15 C:\\Xampp\\php\\bacor_sia1\\vendor\\illuminate\\database\\Eloquent\\Model.php(2163): Illuminate\\Database\\Eloquent\\Model->forwardCallTo(Object(Illuminate\\Database\\Eloquent\\Builder), 'create', Array)
#16 C:\\Xampp\\php\\bacor_sia1\\vendor\\illuminate\\database\\Eloquent\\Model.php(2175): Illuminate\\Database\\Eloquent\\Model->__call('create', Array)
#17 C:\\Xampp\\php\\bacor_sia1\\app\\Http\\Controllers\\UserController.php(38): Illuminate\\Database\\Eloquent\\Model::__callStatic('create', Array)
#18 C:\\Xampp\\php\\bacor_sia1\\vendor\\illuminate\\container\\BoundMethod.php(36): App\\Http\\Controllers\\UserController->add(Object(Laravel\\Lumen\\Http\\Request))
#19 C:\\Xampp\\php\\bacor_sia1\\vendor\\illuminate\\container\\Util.php(41): Illuminate\\Container\\BoundMethod::Illuminate\\Container\\{closure}()
#20 C:\\Xampp\\php\\bacor_sia1\\vendor\\illuminate\\container\\BoundMethod.php(93): Illuminate\\Container\\Util::unwrapIfClosure(Object(Closure))
#21 C:\\Xampp\\php\\bacor_sia1\\vendor\\illuminate\\container\\BoundMethod.php(37): Illuminate\\Container\\BoundMethod::callBoundMethod(Object(Laravel\\Lumen\\Application), Array, Object(Closure))
#22 C:\\Xampp\\php\\bacor_sia1\\vendor\\illuminate\\container\\Container.php(651): Illuminate\\Container\\BoundMethod::call(Object(Laravel\\Lumen\\Application), Array, Array, NULL)
#23 C:\\Xampp\\php\\bacor_sia1\\vendor\\laravel\\lumen-framework\\src\\Concerns\\RoutesRequests.php(389): Illuminate\\Container\\Container->call(Array, Array)
#24 C:\\Xampp\\php\\bacor_sia1\\vendor\\laravel\\lumen-framework\\src\\Concerns\\RoutesRequests.php(355): Laravel\\Lumen\\Application->callControllerCallable(Array, Array)
#25 C:\\Xampp\\php\\bacor_sia1\\vendor\\laravel\\lumen-framework\\src\\Concerns\\RoutesRequests.php(329): Laravel\\Lumen\\Application->callLumenController(Object(App\\Http\\Controllers\\UserController), 'add', Array)
#26 C:\\Xampp\\php\\bacor_sia1\\vendor\\laravel\\lumen-framework\\src\\Concerns\\RoutesRequests.php(282): Laravel\\Lumen\\Application->callControllerAction(Array)
#27 C:\\Xampp\\php\\bacor_sia1\\vendor\\laravel\\lumen-framework\\src\\Concerns\\RoutesRequests.php(267): Laravel\\Lumen\\Application->callActionOnArrayBasedRoute(Array)
#28 C:\\Xampp\\php\\bacor_sia1\\vendor\\laravel\\lumen-framework\\src\\Concerns\\RoutesRequests.php(169): Laravel\\Lumen\\Application->handleFoundRoute(Array)
#29 C:\\Xampp\\php\\bacor_sia1\\vendor\\laravel\\lumen-framework\\src\\Concerns\\RoutesRequests.php(429): Laravel\\Lumen\\Application->Laravel\\Lumen\\Concerns\\{closure}(Object(Laravel\\Lumen\\Http\\Request))
#30 C:\\Xampp\\php\\bacor_sia1\\vendor\\laravel\\lumen-framework\\src\\Concerns\\RoutesRequests.php(175): Laravel\\Lumen\\Application->sendThroughPipeline(Array, Object(Closure))
#31 C:\\Xampp\\php\\bacor_sia1\\vendor\\laravel\\lumen-framework\\src\\Concerns\\RoutesRequests.php(112): Laravel\\Lumen\\Application->dispatch(NULL)
#32 C:\\Xampp\\php\\bacor_sia1\\public\\index.php(28): Laravel\\Lumen\\Application->run()
#33 {main}
"} 
